/home/rosuser/workspace/src/install/par_pkg/lib/python3.10/site-packages/par_pkg/gripper_state_publisher_node.py
/home/rosuser/workspace/src/install/par_pkg/lib/python3.10/site-packages/par_pkg/move_to_pose_node.py
/home/rosuser/workspace/src/install/par_pkg/lib/python3.10/site-packages/par_pkg/vision_node.py
/home/rosuser/workspace/src/install/par_pkg/lib/python3.10/site-packages/par_pkg/__init__.py
/home/rosuser/workspace/src/install/par_pkg/lib/python3.10/site-packages/par_pkg/gripper_control_node.py
/home/rosuser/workspace/src/install/par_pkg/lib/python3.10/site-packages/par_pkg/helpers.py
/home/rosuser/workspace/src/install/par_pkg/lib/python3.10/site-packages/par_pkg/onrobot/__init__.py
/home/rosuser/workspace/src/install/par_pkg/lib/python3.10/site-packages/par_pkg/onrobot/onrobot.py
/home/rosuser/workspace/src/install/par_pkg/lib/python3.10/site-packages/par_pkg/__pycache__/gripper_state_publisher_node.cpython-310.pyc
/home/rosuser/workspace/src/install/par_pkg/lib/python3.10/site-packages/par_pkg/__pycache__/move_to_pose_node.cpython-310.pyc
/home/rosuser/workspace/src/install/par_pkg/lib/python3.10/site-packages/par_pkg/__pycache__/vision_node.cpython-310.pyc
/home/rosuser/workspace/src/install/par_pkg/lib/python3.10/site-packages/par_pkg/__pycache__/__init__.cpython-310.pyc
/home/rosuser/workspace/src/install/par_pkg/lib/python3.10/site-packages/par_pkg/__pycache__/gripper_control_node.cpython-310.pyc
/home/rosuser/workspace/src/install/par_pkg/lib/python3.10/site-packages/par_pkg/__pycache__/helpers.cpython-310.pyc
/home/rosuser/workspace/src/install/par_pkg/lib/python3.10/site-packages/par_pkg/onrobot/__pycache__/__init__.cpython-310.pyc
/home/rosuser/workspace/src/install/par_pkg/lib/python3.10/site-packages/par_pkg/onrobot/__pycache__/onrobot.cpython-310.pyc
/home/rosuser/workspace/src/install/par_pkg/share/ament_index/resource_index/packages/par_pkg
/home/rosuser/workspace/src/install/par_pkg/share/par_pkg/package.xml
/home/rosuser/workspace/src/install/par_pkg/share/par_pkg/launch/par_pkg.launch.py
/home/rosuser/workspace/src/install/par_pkg/share/par_pkg/urdf/arm-with-camera-gripper.urdf.xacro
/home/rosuser/workspace/src/install/par_pkg/share/par_pkg/urdf/onrobot_quick_changer_model.urdf
/home/rosuser/workspace/src/install/par_pkg/share/par_pkg/urdf/onrobot_eyes_model.urdf
/home/rosuser/workspace/src/install/par_pkg/share/par_pkg/urdf/onrobot_rg2_model.urdf
/home/rosuser/workspace/src/install/par_pkg/share/par_pkg/urdf/arm-with-camera.urdf.xacro
/home/rosuser/workspace/src/install/par_pkg/share/par_pkg/srdf/arm-with-camera-gripper.srdf.xacro
/home/rosuser/workspace/src/install/par_pkg/share/par_pkg/srdf/arm-with-camera.srdf.xacro
/home/rosuser/workspace/src/install/par_pkg/share/par_pkg/meshes/visual/quick_changer.stl
/home/rosuser/workspace/src/install/par_pkg/share/par_pkg/meshes/visual/outer_knuckle.stl
/home/rosuser/workspace/src/install/par_pkg/share/par_pkg/meshes/visual/base_link.stl
/home/rosuser/workspace/src/install/par_pkg/share/par_pkg/meshes/visual/inner_finger.stl
/home/rosuser/workspace/src/install/par_pkg/share/par_pkg/meshes/visual/inner_knuckle.stl
/home/rosuser/workspace/src/install/par_pkg/share/par_pkg/meshes/visual/base_link_v2.stl
/home/rosuser/workspace/src/install/par_pkg/share/par_pkg/meshes/visual/camerav3.stl
/home/rosuser/workspace/src/install/par_pkg/share/par_pkg/meshes/collision/quick_changer.stl
/home/rosuser/workspace/src/install/par_pkg/share/par_pkg/meshes/collision/outer_knuckle.stl
/home/rosuser/workspace/src/install/par_pkg/share/par_pkg/meshes/collision/base_link.stl
/home/rosuser/workspace/src/install/par_pkg/share/par_pkg/meshes/collision/inner_finger.stl
/home/rosuser/workspace/src/install/par_pkg/share/par_pkg/meshes/collision/inner_knuckle.stl
/home/rosuser/workspace/src/install/par_pkg/share/par_pkg/meshes/collision/camerav3.stl
/home/rosuser/workspace/src/install/par_pkg/lib/python3.10/site-packages/par_pkg-0.0.0-py3.10.egg-info/SOURCES.txt
/home/rosuser/workspace/src/install/par_pkg/lib/python3.10/site-packages/par_pkg-0.0.0-py3.10.egg-info/entry_points.txt
/home/rosuser/workspace/src/install/par_pkg/lib/python3.10/site-packages/par_pkg-0.0.0-py3.10.egg-info/zip-safe
/home/rosuser/workspace/src/install/par_pkg/lib/python3.10/site-packages/par_pkg-0.0.0-py3.10.egg-info/top_level.txt
/home/rosuser/workspace/src/install/par_pkg/lib/python3.10/site-packages/par_pkg-0.0.0-py3.10.egg-info/dependency_links.txt
/home/rosuser/workspace/src/install/par_pkg/lib/python3.10/site-packages/par_pkg-0.0.0-py3.10.egg-info/requires.txt
/home/rosuser/workspace/src/install/par_pkg/lib/python3.10/site-packages/par_pkg-0.0.0-py3.10.egg-info/PKG-INFO
/home/rosuser/workspace/src/install/par_pkg/lib/par_pkg/gripper_control_node
/home/rosuser/workspace/src/install/par_pkg/lib/par_pkg/gripper_state_publisher_node
/home/rosuser/workspace/src/install/par_pkg/lib/par_pkg/move_to_pose_node
/home/rosuser/workspace/src/install/par_pkg/lib/par_pkg/vision_node
