-- The C compiler identification is GNU 11.4.0
-- The CXX compiler identification is GNU 11.4.0
-- Detecting C compiler ABI info
-- Detecting C compiler ABI info - done
-- Check for working C compiler: /usr/bin/cc - skipped
-- Detecting C compile features
-- Detecting C compile features - done
-- Detecting CXX compiler ABI info
-- Detecting CXX compiler ABI info - done
-- Check for working CXX compiler: /usr/bin/c++ - skipped
-- Detecting CXX compile features
-- Detecting CXX compile features - done
-- Found ament_cmake: 1.3.9 (/opt/ros/humble/share/ament_cmake/cmake)
-- Found Python3: /usr/bin/python3 (found version "3.10.12") found components: Interpreter 
-- Found rosidl_default_generators: 1.2.0 (/opt/ros/humble/share/rosidl_default_generators/cmake)
-- Using all available rosidl_typesupport_c: rosidl_typesupport_fastrtps_c;rosidl_typesupport_introspection_c
-- Found rosidl_adapter: 3.1.5 (/opt/ros/humble/share/rosidl_adapter/cmake)
-- Using all available rosidl_typesupport_cpp: rosidl_typesupport_fastrtps_cpp;rosidl_typesupport_introspection_cpp
-- Found ament_cmake_ros: 0.10.0 (/opt/ros/humble/share/ament_cmake_ros/cmake)
-- Using all available rosidl_typesupport_c: rosidl_typesupport_fastrtps_c;rosidl_typesupport_introspection_c
-- Using all available rosidl_typesupport_cpp: rosidl_typesupport_fastrtps_cpp;rosidl_typesupport_introspection_cpp
-- Found PythonInterp: /usr/bin/python3 (found suitable version "3.10.12", minimum required is "3.6") 
-- Found python_cmake_module: 0.10.0 (/opt/ros/humble/share/python_cmake_module/cmake)
-- Found PythonLibs: /usr/lib/x86_64-linux-gnu/libpython3.10.so (found suitable version "3.10.12", minimum required is "3.5") 
-- Using PYTHON_EXECUTABLE: /usr/bin/python3
-- Using PYTHON_INCLUDE_DIRS: /usr/include/python3.10
-- Using PYTHON_LIBRARIES: /usr/lib/x86_64-linux-gnu/libpython3.10.so
-- Found PythonExtra: .so  
-- Found ament_lint_auto: 0.12.11 (/opt/ros/humble/share/ament_lint_auto/cmake)
-- Added test 'lint_cmake' to check CMake code style
-- Added test 'xmllint' to check XML markup files
-- Configuring done
-- Generating done
-- Build files have been written to: /home/rosuser/workspace/src/build/par_interfaces
[  2%] [34m[1mGenerating C++ code for ROS interfaces[0m
[  2%] Built target par_interfaces__cpp
[  5%] [34m[1mGenerating C++ type support dispatch for ROS interfaces[0m
[  7%] [32mBuilding CXX object CMakeFiles/par_interfaces__rosidl_typesupport_cpp.dir/rosidl_typesupport_cpp/par_interfaces/action/gripper_set_width__type_support.cpp.o[0m
[ 10%] [32mBuilding CXX object CMakeFiles/par_interfaces__rosidl_typesupport_cpp.dir/rosidl_typesupport_cpp/par_interfaces/msg/gripper_info__type_support.cpp.o[0m
[ 12%] [32m[1mLinking CXX shared library libpar_interfaces__rosidl_typesupport_cpp.so[0m
[ 12%] Built target par_interfaces__rosidl_typesupport_cpp
[ 15%] [34m[1mGenerating C code for ROS interfaces[0m
[ 17%] [32mBuilding C object CMakeFiles/par_interfaces__rosidl_generator_c.dir/rosidl_generator_c/par_interfaces/action/detail/gripper_set_width__functions.c.o[0m
[ 20%] [32mBuilding C object CMakeFiles/par_interfaces__rosidl_generator_c.dir/rosidl_generator_c/par_interfaces/msg/detail/gripper_info__functions.c.o[0m
[ 23%] [32m[1mLinking C shared library libpar_interfaces__rosidl_generator_c.so[0m
[ 23%] Built target par_interfaces__rosidl_generator_c
[ 25%] [34m[1mGenerating C type support for eProsima Fast-RTPS[0m
[ 28%] [32mBuilding CXX object CMakeFiles/par_interfaces__rosidl_typesupport_fastrtps_c.dir/rosidl_typesupport_fastrtps_c/par_interfaces/action/detail/gripper_set_width__type_support_c.cpp.o[0m
[ 30%] [32mBuilding CXX object CMakeFiles/par_interfaces__rosidl_typesupport_fastrtps_c.dir/rosidl_typesupport_fastrtps_c/par_interfaces/msg/detail/gripper_info__type_support_c.cpp.o[0m
[ 33%] [32m[1mLinking CXX shared library libpar_interfaces__rosidl_typesupport_fastrtps_c.so[0m
[ 33%] Built target par_interfaces__rosidl_typesupport_fastrtps_c
[ 35%] [34m[1mGenerating C introspection for ROS interfaces[0m
[ 38%] [32mBuilding C object CMakeFiles/par_interfaces__rosidl_typesupport_introspection_c.dir/rosidl_typesupport_introspection_c/par_interfaces/action/detail/gripper_set_width__type_support.c.o[0m
[ 41%] [32mBuilding C object CMakeFiles/par_interfaces__rosidl_typesupport_introspection_c.dir/rosidl_typesupport_introspection_c/par_interfaces/msg/detail/gripper_info__type_support.c.o[0m
[ 43%] [32m[1mLinking C shared library libpar_interfaces__rosidl_typesupport_introspection_c.so[0m
[ 43%] Built target par_interfaces__rosidl_typesupport_introspection_c
[ 46%] [34m[1mGenerating C type support dispatch for ROS interfaces[0m
[ 48%] [32mBuilding CXX object CMakeFiles/par_interfaces__rosidl_typesupport_c.dir/rosidl_typesupport_c/par_interfaces/action/gripper_set_width__type_support.cpp.o[0m
[ 51%] [32mBuilding CXX object CMakeFiles/par_interfaces__rosidl_typesupport_c.dir/rosidl_typesupport_c/par_interfaces/msg/gripper_info__type_support.cpp.o[0m
[ 53%] [32m[1mLinking CXX shared library libpar_interfaces__rosidl_typesupport_c.so[0m
[ 53%] Built target par_interfaces__rosidl_typesupport_c
[ 56%] [34m[1mGenerating C++ type support for eProsima Fast-RTPS[0m
[ 58%] [32mBuilding CXX object CMakeFiles/par_interfaces__rosidl_typesupport_fastrtps_cpp.dir/rosidl_typesupport_fastrtps_cpp/par_interfaces/action/detail/dds_fastrtps/gripper_set_width__type_support.cpp.o[0m
[ 61%] [32mBuilding CXX object CMakeFiles/par_interfaces__rosidl_typesupport_fastrtps_cpp.dir/rosidl_typesupport_fastrtps_cpp/par_interfaces/msg/detail/dds_fastrtps/gripper_info__type_support.cpp.o[0m
[ 64%] [32m[1mLinking CXX shared library libpar_interfaces__rosidl_typesupport_fastrtps_cpp.so[0m
[ 64%] Built target par_interfaces__rosidl_typesupport_fastrtps_cpp
[ 66%] [34m[1mGenerating C++ introspection for ROS interfaces[0m
[ 69%] [32mBuilding CXX object CMakeFiles/par_interfaces__rosidl_typesupport_introspection_cpp.dir/rosidl_typesupport_introspection_cpp/par_interfaces/action/detail/gripper_set_width__type_support.cpp.o[0m
[ 71%] [32mBuilding CXX object CMakeFiles/par_interfaces__rosidl_typesupport_introspection_cpp.dir/rosidl_typesupport_introspection_cpp/par_interfaces/msg/detail/gripper_info__type_support.cpp.o[0m
[ 74%] [32m[1mLinking CXX shared library libpar_interfaces__rosidl_typesupport_introspection_cpp.so[0m
[ 74%] Built target par_interfaces__rosidl_typesupport_introspection_cpp
[ 74%] Built target par_interfaces
[ 74%] Built target ament_cmake_python_copy_par_interfaces
running egg_info
creating par_interfaces.egg-info
writing par_interfaces.egg-info/PKG-INFO
writing dependency_links to par_interfaces.egg-info/dependency_links.txt
writing top-level names to par_interfaces.egg-info/top_level.txt
writing manifest file 'par_interfaces.egg-info/SOURCES.txt'
reading manifest file 'par_interfaces.egg-info/SOURCES.txt'
writing manifest file 'par_interfaces.egg-info/SOURCES.txt'
[ 74%] Built target ament_cmake_python_build_par_interfaces_egg
[ 76%] [34m[1mGenerating Python code for ROS interfaces[0m
[ 76%] Built target par_interfaces__py
[ 79%] [32mBuilding C object CMakeFiles/par_interfaces__rosidl_generator_py.dir/rosidl_generator_py/par_interfaces/action/_gripper_set_width_s.c.o[0m
[ 82%] [32mBuilding C object CMakeFiles/par_interfaces__rosidl_generator_py.dir/rosidl_generator_py/par_interfaces/msg/_gripper_info_s.c.o[0m
[ 84%] [32m[1mLinking C shared library rosidl_generator_py/par_interfaces/libpar_interfaces__rosidl_generator_py.so[0m
[ 84%] Built target par_interfaces__rosidl_generator_py
[ 87%] [32mBuilding C object CMakeFiles/par_interfaces__rosidl_typesupport_fastrtps_c__pyext.dir/rosidl_generator_py/par_interfaces/_par_interfaces_s.ep.rosidl_typesupport_fastrtps_c.c.o[0m
[ 89%] [32m[1mLinking C shared library rosidl_generator_py/par_interfaces/par_interfaces_s__rosidl_typesupport_fastrtps_c.cpython-310-x86_64-linux-gnu.so[0m
[ 89%] Built target par_interfaces__rosidl_typesupport_fastrtps_c__pyext
[ 92%] [32mBuilding C object CMakeFiles/par_interfaces__rosidl_typesupport_introspection_c__pyext.dir/rosidl_generator_py/par_interfaces/_par_interfaces_s.ep.rosidl_typesupport_introspection_c.c.o[0m
[ 94%] [32m[1mLinking C shared library rosidl_generator_py/par_interfaces/par_interfaces_s__rosidl_typesupport_introspection_c.cpython-310-x86_64-linux-gnu.so[0m
[ 94%] Built target par_interfaces__rosidl_typesupport_introspection_c__pyext
[ 97%] [32mBuilding C object CMakeFiles/par_interfaces__rosidl_typesupport_c__pyext.dir/rosidl_generator_py/par_interfaces/_par_interfaces_s.ep.rosidl_typesupport_c.c.o[0m
[100%] [32m[1mLinking C shared library rosidl_generator_py/par_interfaces/par_interfaces_s__rosidl_typesupport_c.cpython-310-x86_64-linux-gnu.so[0m
[100%] Built target par_interfaces__rosidl_typesupport_c__pyext
-- Install configuration: ""
-- Installing: /home/rosuser/workspace/src/install/par_interfaces/share/ament_index/resource_index/rosidl_interfaces/par_interfaces
-- Installing: /home/rosuser/workspace/src/install/par_interfaces/include/par_interfaces/par_interfaces
-- Installing: /home/rosuser/workspace/src/install/par_interfaces/include/par_interfaces/par_interfaces/action
-- Installing: /home/rosuser/workspace/src/install/par_interfaces/include/par_interfaces/par_interfaces/action/detail
-- Installing: /home/rosuser/workspace/src/install/par_interfaces/include/par_interfaces/par_interfaces/action/detail/gripper_set_width__type_support.h
-- Installing: /home/rosuser/workspace/src/install/par_interfaces/include/par_interfaces/par_interfaces/action/detail/gripper_set_width__struct.h
-- Installing: /home/rosuser/workspace/src/install/par_interfaces/include/par_interfaces/par_interfaces/action/detail/gripper_set_width__functions.h
-- Installing: /home/rosuser/workspace/src/install/par_interfaces/include/par_interfaces/par_interfaces/action/detail/gripper_set_width__functions.c
-- Installing: /home/rosuser/workspace/src/install/par_interfaces/include/par_interfaces/par_interfaces/action/gripper_set_width.h
-- Installing: /home/rosuser/workspace/src/install/par_interfaces/include/par_interfaces/par_interfaces/msg
-- Installing: /home/rosuser/workspace/src/install/par_interfaces/include/par_interfaces/par_interfaces/msg/rosidl_generator_c__visibility_control.h
-- Installing: /home/rosuser/workspace/src/install/par_interfaces/include/par_interfaces/par_interfaces/msg/gripper_info.h
-- Installing: /home/rosuser/workspace/src/install/par_interfaces/include/par_interfaces/par_interfaces/msg/detail
-- Installing: /home/rosuser/workspace/src/install/par_interfaces/include/par_interfaces/par_interfaces/msg/detail/gripper_info__functions.c
-- Installing: /home/rosuser/workspace/src/install/par_interfaces/include/par_interfaces/par_interfaces/msg/detail/gripper_info__functions.h
-- Installing: /home/rosuser/workspace/src/install/par_interfaces/include/par_interfaces/par_interfaces/msg/detail/gripper_info__type_support.h
-- Installing: /home/rosuser/workspace/src/install/par_interfaces/include/par_interfaces/par_interfaces/msg/detail/gripper_info__struct.h
-- Installing: /home/rosuser/workspace/src/install/par_interfaces/share/par_interfaces/environment/library_path.sh
-- Installing: /home/rosuser/workspace/src/install/par_interfaces/share/par_interfaces/environment/library_path.dsv
-- Installing: /home/rosuser/workspace/src/install/par_interfaces/lib/libpar_interfaces__rosidl_generator_c.so
-- Set runtime path of "/home/rosuser/workspace/src/install/par_interfaces/lib/libpar_interfaces__rosidl_generator_c.so" to ""
-- Up-to-date: /home/rosuser/workspace/src/install/par_interfaces/include/par_interfaces/par_interfaces
-- Up-to-date: /home/rosuser/workspace/src/install/par_interfaces/include/par_interfaces/par_interfaces/action
-- Up-to-date: /home/rosuser/workspace/src/install/par_interfaces/include/par_interfaces/par_interfaces/action/detail
-- Installing: /home/rosuser/workspace/src/install/par_interfaces/include/par_interfaces/par_interfaces/action/detail/gripper_set_width__rosidl_typesupport_fastrtps_c.h
-- Up-to-date: /home/rosuser/workspace/src/install/par_interfaces/include/par_interfaces/par_interfaces/msg
-- Installing: /home/rosuser/workspace/src/install/par_interfaces/include/par_interfaces/par_interfaces/msg/rosidl_typesupport_fastrtps_c__visibility_control.h
-- Up-to-date: /home/rosuser/workspace/src/install/par_interfaces/include/par_interfaces/par_interfaces/msg/detail
-- Installing: /home/rosuser/workspace/src/install/par_interfaces/include/par_interfaces/par_interfaces/msg/detail/gripper_info__rosidl_typesupport_fastrtps_c.h
-- Installing: /home/rosuser/workspace/src/install/par_interfaces/lib/libpar_interfaces__rosidl_typesupport_fastrtps_c.so
-- Set runtime path of "/home/rosuser/workspace/src/install/par_interfaces/lib/libpar_interfaces__rosidl_typesupport_fastrtps_c.so" to ""
-- Up-to-date: /home/rosuser/workspace/src/install/par_interfaces/include/par_interfaces/par_interfaces
-- Up-to-date: /home/rosuser/workspace/src/install/par_interfaces/include/par_interfaces/par_interfaces/action
-- Up-to-date: /home/rosuser/workspace/src/install/par_interfaces/include/par_interfaces/par_interfaces/action/detail
-- Installing: /home/rosuser/workspace/src/install/par_interfaces/include/par_interfaces/par_interfaces/action/detail/gripper_set_width__type_support.c
-- Installing: /home/rosuser/workspace/src/install/par_interfaces/include/par_interfaces/par_interfaces/action/detail/gripper_set_width__rosidl_typesupport_introspection_c.h
-- Up-to-date: /home/rosuser/workspace/src/install/par_interfaces/include/par_interfaces/par_interfaces/msg
-- Installing: /home/rosuser/workspace/src/install/par_interfaces/include/par_interfaces/par_interfaces/msg/rosidl_typesupport_introspection_c__visibility_control.h
-- Up-to-date: /home/rosuser/workspace/src/install/par_interfaces/include/par_interfaces/par_interfaces/msg/detail
-- Installing: /home/rosuser/workspace/src/install/par_interfaces/include/par_interfaces/par_interfaces/msg/detail/gripper_info__rosidl_typesupport_introspection_c.h
-- Installing: /home/rosuser/workspace/src/install/par_interfaces/include/par_interfaces/par_interfaces/msg/detail/gripper_info__type_support.c
-- Installing: /home/rosuser/workspace/src/install/par_interfaces/lib/libpar_interfaces__rosidl_typesupport_introspection_c.so
-- Set runtime path of "/home/rosuser/workspace/src/install/par_interfaces/lib/libpar_interfaces__rosidl_typesupport_introspection_c.so" to ""
-- Installing: /home/rosuser/workspace/src/install/par_interfaces/lib/libpar_interfaces__rosidl_typesupport_c.so
-- Set runtime path of "/home/rosuser/workspace/src/install/par_interfaces/lib/libpar_interfaces__rosidl_typesupport_c.so" to ""
-- Up-to-date: /home/rosuser/workspace/src/install/par_interfaces/include/par_interfaces/par_interfaces
-- Up-to-date: /home/rosuser/workspace/src/install/par_interfaces/include/par_interfaces/par_interfaces/action
-- Installing: /home/rosuser/workspace/src/install/par_interfaces/include/par_interfaces/par_interfaces/action/gripper_set_width.hpp
-- Up-to-date: /home/rosuser/workspace/src/install/par_interfaces/include/par_interfaces/par_interfaces/action/detail
-- Installing: /home/rosuser/workspace/src/install/par_interfaces/include/par_interfaces/par_interfaces/action/detail/gripper_set_width__struct.hpp
-- Installing: /home/rosuser/workspace/src/install/par_interfaces/include/par_interfaces/par_interfaces/action/detail/gripper_set_width__builder.hpp
-- Installing: /home/rosuser/workspace/src/install/par_interfaces/include/par_interfaces/par_interfaces/action/detail/gripper_set_width__traits.hpp
-- Up-to-date: /home/rosuser/workspace/src/install/par_interfaces/include/par_interfaces/par_interfaces/msg
-- Installing: /home/rosuser/workspace/src/install/par_interfaces/include/par_interfaces/par_interfaces/msg/gripper_info.hpp
-- Up-to-date: /home/rosuser/workspace/src/install/par_interfaces/include/par_interfaces/par_interfaces/msg/detail
-- Installing: /home/rosuser/workspace/src/install/par_interfaces/include/par_interfaces/par_interfaces/msg/detail/gripper_info__struct.hpp
-- Installing: /home/rosuser/workspace/src/install/par_interfaces/include/par_interfaces/par_interfaces/msg/detail/gripper_info__builder.hpp
-- Installing: /home/rosuser/workspace/src/install/par_interfaces/include/par_interfaces/par_interfaces/msg/detail/gripper_info__traits.hpp
-- Up-to-date: /home/rosuser/workspace/src/install/par_interfaces/include/par_interfaces/par_interfaces
-- Up-to-date: /home/rosuser/workspace/src/install/par_interfaces/include/par_interfaces/par_interfaces/action
-- Up-to-date: /home/rosuser/workspace/src/install/par_interfaces/include/par_interfaces/par_interfaces/action/detail
-- Installing: /home/rosuser/workspace/src/install/par_interfaces/include/par_interfaces/par_interfaces/action/detail/gripper_set_width__rosidl_typesupport_fastrtps_cpp.hpp
-- Installing: /home/rosuser/workspace/src/install/par_interfaces/include/par_interfaces/par_interfaces/action/detail/dds_fastrtps
-- Up-to-date: /home/rosuser/workspace/src/install/par_interfaces/include/par_interfaces/par_interfaces/msg
-- Installing: /home/rosuser/workspace/src/install/par_interfaces/include/par_interfaces/par_interfaces/msg/rosidl_typesupport_fastrtps_cpp__visibility_control.h
-- Up-to-date: /home/rosuser/workspace/src/install/par_interfaces/include/par_interfaces/par_interfaces/msg/detail
-- Installing: /home/rosuser/workspace/src/install/par_interfaces/include/par_interfaces/par_interfaces/msg/detail/dds_fastrtps
-- Installing: /home/rosuser/workspace/src/install/par_interfaces/include/par_interfaces/par_interfaces/msg/detail/gripper_info__rosidl_typesupport_fastrtps_cpp.hpp
-- Installing: /home/rosuser/workspace/src/install/par_interfaces/lib/libpar_interfaces__rosidl_typesupport_fastrtps_cpp.so
-- Set runtime path of "/home/rosuser/workspace/src/install/par_interfaces/lib/libpar_interfaces__rosidl_typesupport_fastrtps_cpp.so" to ""
-- Up-to-date: /home/rosuser/workspace/src/install/par_interfaces/include/par_interfaces/par_interfaces
-- Up-to-date: /home/rosuser/workspace/src/install/par_interfaces/include/par_interfaces/par_interfaces/action
-- Up-to-date: /home/rosuser/workspace/src/install/par_interfaces/include/par_interfaces/par_interfaces/action/detail
-- Installing: /home/rosuser/workspace/src/install/par_interfaces/include/par_interfaces/par_interfaces/action/detail/gripper_set_width__type_support.cpp
-- Installing: /home/rosuser/workspace/src/install/par_interfaces/include/par_interfaces/par_interfaces/action/detail/gripper_set_width__rosidl_typesupport_introspection_cpp.hpp
-- Up-to-date: /home/rosuser/workspace/src/install/par_interfaces/include/par_interfaces/par_interfaces/msg
-- Up-to-date: /home/rosuser/workspace/src/install/par_interfaces/include/par_interfaces/par_interfaces/msg/detail
-- Installing: /home/rosuser/workspace/src/install/par_interfaces/include/par_interfaces/par_interfaces/msg/detail/gripper_info__rosidl_typesupport_introspection_cpp.hpp
-- Installing: /home/rosuser/workspace/src/install/par_interfaces/include/par_interfaces/par_interfaces/msg/detail/gripper_info__type_support.cpp
-- Installing: /home/rosuser/workspace/src/install/par_interfaces/lib/libpar_interfaces__rosidl_typesupport_introspection_cpp.so
-- Set runtime path of "/home/rosuser/workspace/src/install/par_interfaces/lib/libpar_interfaces__rosidl_typesupport_introspection_cpp.so" to ""
-- Installing: /home/rosuser/workspace/src/install/par_interfaces/lib/libpar_interfaces__rosidl_typesupport_cpp.so
-- Set runtime path of "/home/rosuser/workspace/src/install/par_interfaces/lib/libpar_interfaces__rosidl_typesupport_cpp.so" to ""
-- Installing: /home/rosuser/workspace/src/install/par_interfaces/share/par_interfaces/environment/pythonpath.sh
-- Installing: /home/rosuser/workspace/src/install/par_interfaces/share/par_interfaces/environment/pythonpath.dsv
-- Installing: /home/rosuser/workspace/src/install/par_interfaces/local/lib/python3.10/dist-packages/par_interfaces-0.0.0-py3.10.egg-info
-- Installing: /home/rosuser/workspace/src/install/par_interfaces/local/lib/python3.10/dist-packages/par_interfaces-0.0.0-py3.10.egg-info/SOURCES.txt
-- Installing: /home/rosuser/workspace/src/install/par_interfaces/local/lib/python3.10/dist-packages/par_interfaces-0.0.0-py3.10.egg-info/top_level.txt
-- Installing: /home/rosuser/workspace/src/install/par_interfaces/local/lib/python3.10/dist-packages/par_interfaces-0.0.0-py3.10.egg-info/dependency_links.txt
-- Installing: /home/rosuser/workspace/src/install/par_interfaces/local/lib/python3.10/dist-packages/par_interfaces-0.0.0-py3.10.egg-info/PKG-INFO
-- Installing: /home/rosuser/workspace/src/install/par_interfaces/local/lib/python3.10/dist-packages/par_interfaces
-- Installing: /home/rosuser/workspace/src/install/par_interfaces/local/lib/python3.10/dist-packages/par_interfaces/action
-- Installing: /home/rosuser/workspace/src/install/par_interfaces/local/lib/python3.10/dist-packages/par_interfaces/action/_gripper_set_width_s.c
-- Installing: /home/rosuser/workspace/src/install/par_interfaces/local/lib/python3.10/dist-packages/par_interfaces/action/__init__.py
-- Installing: /home/rosuser/workspace/src/install/par_interfaces/local/lib/python3.10/dist-packages/par_interfaces/action/_gripper_set_width.py
-- Installing: /home/rosuser/workspace/src/install/par_interfaces/local/lib/python3.10/dist-packages/par_interfaces/_par_interfaces_s.ep.rosidl_typesupport_fastrtps_c.c
-- Installing: /home/rosuser/workspace/src/install/par_interfaces/local/lib/python3.10/dist-packages/par_interfaces/_par_interfaces_s.ep.rosidl_typesupport_introspection_c.c
-- Installing: /home/rosuser/workspace/src/install/par_interfaces/local/lib/python3.10/dist-packages/par_interfaces/par_interfaces_s__rosidl_typesupport_c.cpython-310-x86_64-linux-gnu.so
-- Installing: /home/rosuser/workspace/src/install/par_interfaces/local/lib/python3.10/dist-packages/par_interfaces/libpar_interfaces__rosidl_generator_py.so
-- Installing: /home/rosuser/workspace/src/install/par_interfaces/local/lib/python3.10/dist-packages/par_interfaces/__init__.py
-- Installing: /home/rosuser/workspace/src/install/par_interfaces/local/lib/python3.10/dist-packages/par_interfaces/_par_interfaces_s.ep.rosidl_typesupport_c.c
-- Installing: /home/rosuser/workspace/src/install/par_interfaces/local/lib/python3.10/dist-packages/par_interfaces/par_interfaces_s__rosidl_typesupport_introspection_c.cpython-310-x86_64-linux-gnu.so
-- Installing: /home/rosuser/workspace/src/install/par_interfaces/local/lib/python3.10/dist-packages/par_interfaces/msg
-- Installing: /home/rosuser/workspace/src/install/par_interfaces/local/lib/python3.10/dist-packages/par_interfaces/msg/_gripper_info_s.c
-- Installing: /home/rosuser/workspace/src/install/par_interfaces/local/lib/python3.10/dist-packages/par_interfaces/msg/__init__.py
-- Installing: /home/rosuser/workspace/src/install/par_interfaces/local/lib/python3.10/dist-packages/par_interfaces/msg/_gripper_info.py
-- Installing: /home/rosuser/workspace/src/install/par_interfaces/local/lib/python3.10/dist-packages/par_interfaces/par_interfaces_s__rosidl_typesupport_fastrtps_c.cpython-310-x86_64-linux-gnu.so
Listing '/home/rosuser/workspace/src/install/par_interfaces/local/lib/python3.10/dist-packages/par_interfaces'...
Compiling '/home/rosuser/workspace/src/install/par_interfaces/local/lib/python3.10/dist-packages/par_interfaces/__init__.py'...
Listing '/home/rosuser/workspace/src/install/par_interfaces/local/lib/python3.10/dist-packages/par_interfaces/action'...
Compiling '/home/rosuser/workspace/src/install/par_interfaces/local/lib/python3.10/dist-packages/par_interfaces/action/__init__.py'...
Compiling '/home/rosuser/workspace/src/install/par_interfaces/local/lib/python3.10/dist-packages/par_interfaces/action/_gripper_set_width.py'...
Listing '/home/rosuser/workspace/src/install/par_interfaces/local/lib/python3.10/dist-packages/par_interfaces/msg'...
Compiling '/home/rosuser/workspace/src/install/par_interfaces/local/lib/python3.10/dist-packages/par_interfaces/msg/__init__.py'...
Compiling '/home/rosuser/workspace/src/install/par_interfaces/local/lib/python3.10/dist-packages/par_interfaces/msg/_gripper_info.py'...
-- Installing: /home/rosuser/workspace/src/install/par_interfaces/local/lib/python3.10/dist-packages/par_interfaces/par_interfaces_s__rosidl_typesupport_fastrtps_c.cpython-310-x86_64-linux-gnu.so
-- Set runtime path of "/home/rosuser/workspace/src/install/par_interfaces/local/lib/python3.10/dist-packages/par_interfaces/par_interfaces_s__rosidl_typesupport_fastrtps_c.cpython-310-x86_64-linux-gnu.so" to ""
-- Installing: /home/rosuser/workspace/src/install/par_interfaces/local/lib/python3.10/dist-packages/par_interfaces/par_interfaces_s__rosidl_typesupport_introspection_c.cpython-310-x86_64-linux-gnu.so
-- Set runtime path of "/home/rosuser/workspace/src/install/par_interfaces/local/lib/python3.10/dist-packages/par_interfaces/par_interfaces_s__rosidl_typesupport_introspection_c.cpython-310-x86_64-linux-gnu.so" to ""
-- Installing: /home/rosuser/workspace/src/install/par_interfaces/local/lib/python3.10/dist-packages/par_interfaces/par_interfaces_s__rosidl_typesupport_c.cpython-310-x86_64-linux-gnu.so
-- Set runtime path of "/home/rosuser/workspace/src/install/par_interfaces/local/lib/python3.10/dist-packages/par_interfaces/par_interfaces_s__rosidl_typesupport_c.cpython-310-x86_64-linux-gnu.so" to ""
-- Installing: /home/rosuser/workspace/src/install/par_interfaces/lib/libpar_interfaces__rosidl_generator_py.so
-- Set runtime path of "/home/rosuser/workspace/src/install/par_interfaces/lib/libpar_interfaces__rosidl_generator_py.so" to ""
-- Installing: /home/rosuser/workspace/src/install/par_interfaces/share/par_interfaces/action/GripperSetWidth.idl
-- Installing: /home/rosuser/workspace/src/install/par_interfaces/share/par_interfaces/msg/GripperInfo.idl
-- Installing: /home/rosuser/workspace/src/install/par_interfaces/share/par_interfaces/action/GripperSetWidth.action
-- Installing: /home/rosuser/workspace/src/install/par_interfaces/share/par_interfaces/msg/GripperInfo.msg
-- Installing: /home/rosuser/workspace/src/install/par_interfaces/share/ament_index/resource_index/package_run_dependencies/par_interfaces
-- Installing: /home/rosuser/workspace/src/install/par_interfaces/share/ament_index/resource_index/parent_prefix_path/par_interfaces
-- Installing: /home/rosuser/workspace/src/install/par_interfaces/share/par_interfaces/environment/ament_prefix_path.sh
-- Installing: /home/rosuser/workspace/src/install/par_interfaces/share/par_interfaces/environment/ament_prefix_path.dsv
-- Installing: /home/rosuser/workspace/src/install/par_interfaces/share/par_interfaces/environment/path.sh
-- Installing: /home/rosuser/workspace/src/install/par_interfaces/share/par_interfaces/environment/path.dsv
-- Installing: /home/rosuser/workspace/src/install/par_interfaces/share/par_interfaces/local_setup.bash
-- Installing: /home/rosuser/workspace/src/install/par_interfaces/share/par_interfaces/local_setup.sh
-- Installing: /home/rosuser/workspace/src/install/par_interfaces/share/par_interfaces/local_setup.zsh
-- Installing: /home/rosuser/workspace/src/install/par_interfaces/share/par_interfaces/local_setup.dsv
-- Installing: /home/rosuser/workspace/src/install/par_interfaces/share/par_interfaces/package.dsv
-- Installing: /home/rosuser/workspace/src/install/par_interfaces/share/ament_index/resource_index/packages/par_interfaces
-- Installing: /home/rosuser/workspace/src/install/par_interfaces/share/par_interfaces/cmake/export_par_interfaces__rosidl_generator_cExport.cmake
-- Installing: /home/rosuser/workspace/src/install/par_interfaces/share/par_interfaces/cmake/export_par_interfaces__rosidl_generator_cExport-noconfig.cmake
-- Installing: /home/rosuser/workspace/src/install/par_interfaces/share/par_interfaces/cmake/export_par_interfaces__rosidl_typesupport_fastrtps_cExport.cmake
-- Installing: /home/rosuser/workspace/src/install/par_interfaces/share/par_interfaces/cmake/export_par_interfaces__rosidl_typesupport_fastrtps_cExport-noconfig.cmake
-- Installing: /home/rosuser/workspace/src/install/par_interfaces/share/par_interfaces/cmake/par_interfaces__rosidl_typesupport_introspection_cExport.cmake
-- Installing: /home/rosuser/workspace/src/install/par_interfaces/share/par_interfaces/cmake/par_interfaces__rosidl_typesupport_introspection_cExport-noconfig.cmake
-- Installing: /home/rosuser/workspace/src/install/par_interfaces/share/par_interfaces/cmake/par_interfaces__rosidl_typesupport_cExport.cmake
-- Installing: /home/rosuser/workspace/src/install/par_interfaces/share/par_interfaces/cmake/par_interfaces__rosidl_typesupport_cExport-noconfig.cmake
-- Installing: /home/rosuser/workspace/src/install/par_interfaces/share/par_interfaces/cmake/export_par_interfaces__rosidl_generator_cppExport.cmake
-- Installing: /home/rosuser/workspace/src/install/par_interfaces/share/par_interfaces/cmake/export_par_interfaces__rosidl_typesupport_fastrtps_cppExport.cmake
-- Installing: /home/rosuser/workspace/src/install/par_interfaces/share/par_interfaces/cmake/export_par_interfaces__rosidl_typesupport_fastrtps_cppExport-noconfig.cmake
-- Installing: /home/rosuser/workspace/src/install/par_interfaces/share/par_interfaces/cmake/par_interfaces__rosidl_typesupport_introspection_cppExport.cmake
-- Installing: /home/rosuser/workspace/src/install/par_interfaces/share/par_interfaces/cmake/par_interfaces__rosidl_typesupport_introspection_cppExport-noconfig.cmake
-- Installing: /home/rosuser/workspace/src/install/par_interfaces/share/par_interfaces/cmake/par_interfaces__rosidl_typesupport_cppExport.cmake
-- Installing: /home/rosuser/workspace/src/install/par_interfaces/share/par_interfaces/cmake/par_interfaces__rosidl_typesupport_cppExport-noconfig.cmake
-- Installing: /home/rosuser/workspace/src/install/par_interfaces/share/par_interfaces/cmake/export_par_interfaces__rosidl_generator_pyExport.cmake
-- Installing: /home/rosuser/workspace/src/install/par_interfaces/share/par_interfaces/cmake/export_par_interfaces__rosidl_generator_pyExport-noconfig.cmake
-- Installing: /home/rosuser/workspace/src/install/par_interfaces/share/par_interfaces/cmake/rosidl_cmake-extras.cmake
-- Installing: /home/rosuser/workspace/src/install/par_interfaces/share/par_interfaces/cmake/ament_cmake_export_dependencies-extras.cmake
-- Installing: /home/rosuser/workspace/src/install/par_interfaces/share/par_interfaces/cmake/ament_cmake_export_include_directories-extras.cmake
-- Installing: /home/rosuser/workspace/src/install/par_interfaces/share/par_interfaces/cmake/ament_cmake_export_libraries-extras.cmake
-- Installing: /home/rosuser/workspace/src/install/par_interfaces/share/par_interfaces/cmake/ament_cmake_export_targets-extras.cmake
-- Installing: /home/rosuser/workspace/src/install/par_interfaces/share/par_interfaces/cmake/rosidl_cmake_export_typesupport_targets-extras.cmake
-- Installing: /home/rosuser/workspace/src/install/par_interfaces/share/par_interfaces/cmake/rosidl_cmake_export_typesupport_libraries-extras.cmake
-- Installing: /home/rosuser/workspace/src/install/par_interfaces/share/par_interfaces/cmake/par_interfacesConfig.cmake
-- Installing: /home/rosuser/workspace/src/install/par_interfaces/share/par_interfaces/cmake/par_interfacesConfig-version.cmake
-- Installing: /home/rosuser/workspace/src/install/par_interfaces/share/par_interfaces/package.xml
