[0.027s] Invoking command in '/home/rosuser/workspace/src/build/par_interfaces': CMAKE_PREFIX_PATH=${CMAKE_PREFIX_PATH}:/home/rosuser/workspace/install/par_pkg:/opt/ros/humble /usr/bin/cmake /home/rosuser/workspace/src/par_interfaces -DCMAKE_INSTALL_PREFIX=/home/rosuser/workspace/src/install/par_interfaces
[0.697s] -- The C compiler identification is GNU 11.4.0
[1.226s] -- The CXX compiler identification is GNU 11.4.0
[1.333s] -- Detecting C compiler ABI info
[2.211s] -- Detecting C compiler ABI info - done
[2.243s] -- Check for working C compiler: /usr/bin/cc - skipped
[2.258s] -- Detecting C compile features
[2.261s] -- Detecting C compile features - done
[2.285s] -- Detecting CXX compiler ABI info
[3.115s] -- Detecting CXX compiler ABI info - done
[3.170s] -- Check for working CXX compiler: /usr/bin/c++ - skipped
[3.171s] -- Detecting CXX compile features
[3.172s] -- Detecting CXX compile features - done
[3.243s] -- Found ament_cmake: 1.3.9 (/opt/ros/humble/share/ament_cmake/cmake)
[3.632s] -- Found Python3: /usr/bin/python3 (found version "3.10.12") found components: Interpreter 
[4.147s] -- Found rosidl_default_generators: 1.2.0 (/opt/ros/humble/share/rosidl_default_generators/cmake)
[4.158s] -- Using all available rosidl_typesupport_c: rosidl_typesupport_fastrtps_c;rosidl_typesupport_introspection_c
[4.187s] -- Found rosidl_adapter: 3.1.5 (/opt/ros/humble/share/rosidl_adapter/cmake)
[4.318s] -- Using all available rosidl_typesupport_cpp: rosidl_typesupport_fastrtps_cpp;rosidl_typesupport_introspection_cpp
[5.165s] -- Found ament_cmake_ros: 0.10.0 (/opt/ros/humble/share/ament_cmake_ros/cmake)
[5.674s] -- Using all available rosidl_typesupport_c: rosidl_typesupport_fastrtps_c;rosidl_typesupport_introspection_c
[6.295s] -- Using all available rosidl_typesupport_cpp: rosidl_typesupport_fastrtps_cpp;rosidl_typesupport_introspection_cpp
[6.387s] -- Found PythonInterp: /usr/bin/python3 (found suitable version "3.10.12", minimum required is "3.6") 
[6.406s] -- Found python_cmake_module: 0.10.0 (/opt/ros/humble/share/python_cmake_module/cmake)
[6.474s] -- Found PythonLibs: /usr/lib/x86_64-linux-gnu/libpython3.10.so (found suitable version "3.10.12", minimum required is "3.5") 
[6.475s] -- Using PYTHON_EXECUTABLE: /usr/bin/python3
[6.475s] -- Using PYTHON_INCLUDE_DIRS: /usr/include/python3.10
[6.475s] -- Using PYTHON_LIBRARIES: /usr/lib/x86_64-linux-gnu/libpython3.10.so
[6.520s] -- Found PythonExtra: .so  
[6.649s] -- Found ament_lint_auto: 0.12.11 (/opt/ros/humble/share/ament_lint_auto/cmake)
[6.754s] -- Added test 'lint_cmake' to check CMake code style
[6.757s] -- Added test 'xmllint' to check XML markup files
[6.771s] -- Configuring done
[6.913s] -- Generating done
[6.934s] -- Build files have been written to: /home/rosuser/workspace/src/build/par_interfaces
[6.950s] Invoked command in '/home/rosuser/workspace/src/build/par_interfaces' returned '0': CMAKE_PREFIX_PATH=${CMAKE_PREFIX_PATH}:/home/rosuser/workspace/install/par_pkg:/opt/ros/humble /usr/bin/cmake /home/rosuser/workspace/src/par_interfaces -DCMAKE_INSTALL_PREFIX=/home/rosuser/workspace/src/install/par_interfaces
[6.951s] Invoking command in '/home/rosuser/workspace/src/build/par_interfaces': CMAKE_PREFIX_PATH=${CMAKE_PREFIX_PATH}:/home/rosuser/workspace/install/par_pkg:/opt/ros/humble /usr/bin/cmake --build /home/rosuser/workspace/src/build/par_interfaces -- -j1 -l1
[7.169s] [  2%] [34m[1mGenerating C++ code for ROS interfaces[0m
[10.772s] [  2%] Built target par_interfaces__cpp
[10.921s] [  5%] [34m[1mGenerating C++ type support dispatch for ROS interfaces[0m
[12.527s] [  7%] [32mBuilding CXX object CMakeFiles/par_interfaces__rosidl_typesupport_cpp.dir/rosidl_typesupport_cpp/par_interfaces/action/gripper_set_width__type_support.cpp.o[0m
[14.141s] [ 10%] [32mBuilding CXX object CMakeFiles/par_interfaces__rosidl_typesupport_cpp.dir/rosidl_typesupport_cpp/par_interfaces/msg/gripper_info__type_support.cpp.o[0m
[15.106s] [ 12%] [32m[1mLinking CXX shared library libpar_interfaces__rosidl_typesupport_cpp.so[0m
[15.343s] [ 12%] Built target par_interfaces__rosidl_typesupport_cpp
[15.385s] [ 15%] [34m[1mGenerating C code for ROS interfaces[0m
[17.560s] [ 17%] [32mBuilding C object CMakeFiles/par_interfaces__rosidl_generator_c.dir/rosidl_generator_c/par_interfaces/action/detail/gripper_set_width__functions.c.o[0m
[18.013s] [ 20%] [32mBuilding C object CMakeFiles/par_interfaces__rosidl_generator_c.dir/rosidl_generator_c/par_interfaces/msg/detail/gripper_info__functions.c.o[0m
[18.207s] [ 23%] [32m[1mLinking C shared library libpar_interfaces__rosidl_generator_c.so[0m
[18.355s] [ 23%] Built target par_interfaces__rosidl_generator_c
[18.394s] [ 25%] [34m[1mGenerating C type support for eProsima Fast-RTPS[0m
[20.172s] [ 28%] [32mBuilding CXX object CMakeFiles/par_interfaces__rosidl_typesupport_fastrtps_c.dir/rosidl_typesupport_fastrtps_c/par_interfaces/action/detail/gripper_set_width__type_support_c.cpp.o[0m
[21.471s] [ 30%] [32mBuilding CXX object CMakeFiles/par_interfaces__rosidl_typesupport_fastrtps_c.dir/rosidl_typesupport_fastrtps_c/par_interfaces/msg/detail/gripper_info__type_support_c.cpp.o[0m
[22.913s] [ 33%] [32m[1mLinking CXX shared library libpar_interfaces__rosidl_typesupport_fastrtps_c.so[0m
[23.251s] [ 33%] Built target par_interfaces__rosidl_typesupport_fastrtps_c
[23.348s] [ 35%] [34m[1mGenerating C introspection for ROS interfaces[0m
[26.577s] [ 38%] [32mBuilding C object CMakeFiles/par_interfaces__rosidl_typesupport_introspection_c.dir/rosidl_typesupport_introspection_c/par_interfaces/action/detail/gripper_set_width__type_support.c.o[0m
[27.025s] [ 41%] [32mBuilding C object CMakeFiles/par_interfaces__rosidl_typesupport_introspection_c.dir/rosidl_typesupport_introspection_c/par_interfaces/msg/detail/gripper_info__type_support.c.o[0m
[27.373s] [ 43%] [32m[1mLinking C shared library libpar_interfaces__rosidl_typesupport_introspection_c.so[0m
[27.647s] [ 43%] Built target par_interfaces__rosidl_typesupport_introspection_c
[27.736s] [ 46%] [34m[1mGenerating C type support dispatch for ROS interfaces[0m
[30.622s] [ 48%] [32mBuilding CXX object CMakeFiles/par_interfaces__rosidl_typesupport_c.dir/rosidl_typesupport_c/par_interfaces/action/gripper_set_width__type_support.cpp.o[0m
[30.843s] [ 51%] [32mBuilding CXX object CMakeFiles/par_interfaces__rosidl_typesupport_c.dir/rosidl_typesupport_c/par_interfaces/msg/gripper_info__type_support.cpp.o[0m
[30.991s] [ 53%] [32m[1mLinking CXX shared library libpar_interfaces__rosidl_typesupport_c.so[0m
[31.193s] [ 53%] Built target par_interfaces__rosidl_typesupport_c
[31.236s] [ 56%] [34m[1mGenerating C++ type support for eProsima Fast-RTPS[0m
[32.938s] [ 58%] [32mBuilding CXX object CMakeFiles/par_interfaces__rosidl_typesupport_fastrtps_cpp.dir/rosidl_typesupport_fastrtps_cpp/par_interfaces/action/detail/dds_fastrtps/gripper_set_width__type_support.cpp.o[0m
[33.926s] [ 61%] [32mBuilding CXX object CMakeFiles/par_interfaces__rosidl_typesupport_fastrtps_cpp.dir/rosidl_typesupport_fastrtps_cpp/par_interfaces/msg/detail/dds_fastrtps/gripper_info__type_support.cpp.o[0m
[34.565s] [ 64%] [32m[1mLinking CXX shared library libpar_interfaces__rosidl_typesupport_fastrtps_cpp.so[0m
[34.713s] [ 64%] Built target par_interfaces__rosidl_typesupport_fastrtps_cpp
[34.739s] [ 66%] [34m[1mGenerating C++ introspection for ROS interfaces[0m
[35.705s] [ 69%] [32mBuilding CXX object CMakeFiles/par_interfaces__rosidl_typesupport_introspection_cpp.dir/rosidl_typesupport_introspection_cpp/par_interfaces/action/detail/gripper_set_width__type_support.cpp.o[0m
[37.346s] [ 71%] [32mBuilding CXX object CMakeFiles/par_interfaces__rosidl_typesupport_introspection_cpp.dir/rosidl_typesupport_introspection_cpp/par_interfaces/msg/detail/gripper_info__type_support.cpp.o[0m
[38.271s] [ 74%] [32m[1mLinking CXX shared library libpar_interfaces__rosidl_typesupport_introspection_cpp.so[0m
[38.414s] [ 74%] Built target par_interfaces__rosidl_typesupport_introspection_cpp
[38.461s] [ 74%] Built target par_interfaces
[38.520s] [ 74%] Built target ament_cmake_python_copy_par_interfaces
[38.956s] running egg_info
[38.956s] creating par_interfaces.egg-info
[38.957s] writing par_interfaces.egg-info/PKG-INFO
[38.958s] writing dependency_links to par_interfaces.egg-info/dependency_links.txt
[38.958s] writing top-level names to par_interfaces.egg-info/top_level.txt
[38.959s] writing manifest file 'par_interfaces.egg-info/SOURCES.txt'
[38.961s] reading manifest file 'par_interfaces.egg-info/SOURCES.txt'
[38.962s] writing manifest file 'par_interfaces.egg-info/SOURCES.txt'
[39.020s] [ 74%] Built target ament_cmake_python_build_par_interfaces_egg
[39.064s] [ 76%] [34m[1mGenerating Python code for ROS interfaces[0m
[40.782s] [ 76%] Built target par_interfaces__py
[40.834s] [ 79%] [32mBuilding C object CMakeFiles/par_interfaces__rosidl_generator_py.dir/rosidl_generator_py/par_interfaces/action/_gripper_set_width_s.c.o[0m
[41.396s] [ 82%] [32mBuilding C object CMakeFiles/par_interfaces__rosidl_generator_py.dir/rosidl_generator_py/par_interfaces/msg/_gripper_info_s.c.o[0m
[41.849s] [ 84%] [32m[1mLinking C shared library rosidl_generator_py/par_interfaces/libpar_interfaces__rosidl_generator_py.so[0m
[42.105s] [ 84%] Built target par_interfaces__rosidl_generator_py
[42.205s] [ 87%] [32mBuilding C object CMakeFiles/par_interfaces__rosidl_typesupport_fastrtps_c__pyext.dir/rosidl_generator_py/par_interfaces/_par_interfaces_s.ep.rosidl_typesupport_fastrtps_c.c.o[0m
[42.736s] [ 89%] [32m[1mLinking C shared library rosidl_generator_py/par_interfaces/par_interfaces_s__rosidl_typesupport_fastrtps_c.cpython-310-x86_64-linux-gnu.so[0m
[42.922s] [ 89%] Built target par_interfaces__rosidl_typesupport_fastrtps_c__pyext
[43.026s] [ 92%] [32mBuilding C object CMakeFiles/par_interfaces__rosidl_typesupport_introspection_c__pyext.dir/rosidl_generator_py/par_interfaces/_par_interfaces_s.ep.rosidl_typesupport_introspection_c.c.o[0m
[43.526s] [ 94%] [32m[1mLinking C shared library rosidl_generator_py/par_interfaces/par_interfaces_s__rosidl_typesupport_introspection_c.cpython-310-x86_64-linux-gnu.so[0m
[43.714s] [ 94%] Built target par_interfaces__rosidl_typesupport_introspection_c__pyext
[43.803s] [ 97%] [32mBuilding C object CMakeFiles/par_interfaces__rosidl_typesupport_c__pyext.dir/rosidl_generator_py/par_interfaces/_par_interfaces_s.ep.rosidl_typesupport_c.c.o[0m
[44.517s] [100%] [32m[1mLinking C shared library rosidl_generator_py/par_interfaces/par_interfaces_s__rosidl_typesupport_c.cpython-310-x86_64-linux-gnu.so[0m
[44.755s] [100%] Built target par_interfaces__rosidl_typesupport_c__pyext
[44.813s] Invoked command in '/home/rosuser/workspace/src/build/par_interfaces' returned '0': CMAKE_PREFIX_PATH=${CMAKE_PREFIX_PATH}:/home/rosuser/workspace/install/par_pkg:/opt/ros/humble /usr/bin/cmake --build /home/rosuser/workspace/src/build/par_interfaces -- -j1 -l1
[45.496s] Invoking command in '/home/rosuser/workspace/src/build/par_interfaces': CMAKE_PREFIX_PATH=${CMAKE_PREFIX_PATH}:/home/rosuser/workspace/install/par_pkg:/opt/ros/humble /usr/bin/cmake --install /home/rosuser/workspace/src/build/par_interfaces
[45.533s] -- Install configuration: ""
[45.535s] -- Installing: /home/rosuser/workspace/src/install/par_interfaces/share/ament_index/resource_index/rosidl_interfaces/par_interfaces
[45.539s] -- Installing: /home/rosuser/workspace/src/install/par_interfaces/include/par_interfaces/par_interfaces
[45.539s] -- Installing: /home/rosuser/workspace/src/install/par_interfaces/include/par_interfaces/par_interfaces/action
[45.544s] -- Installing: /home/rosuser/workspace/src/install/par_interfaces/include/par_interfaces/par_interfaces/action/detail
[45.545s] -- Installing: /home/rosuser/workspace/src/install/par_interfaces/include/par_interfaces/par_interfaces/action/detail/gripper_set_width__type_support.h
[45.547s] -- Installing: /home/rosuser/workspace/src/install/par_interfaces/include/par_interfaces/par_interfaces/action/detail/gripper_set_width__struct.h
[45.550s] -- Installing: /home/rosuser/workspace/src/install/par_interfaces/include/par_interfaces/par_interfaces/action/detail/gripper_set_width__functions.h
[45.552s] -- Installing: /home/rosuser/workspace/src/install/par_interfaces/include/par_interfaces/par_interfaces/action/detail/gripper_set_width__functions.c
[45.554s] -- Installing: /home/rosuser/workspace/src/install/par_interfaces/include/par_interfaces/par_interfaces/action/gripper_set_width.h
[45.555s] -- Installing: /home/rosuser/workspace/src/install/par_interfaces/include/par_interfaces/par_interfaces/msg
[45.555s] -- Installing: /home/rosuser/workspace/src/install/par_interfaces/include/par_interfaces/par_interfaces/msg/rosidl_generator_c__visibility_control.h
[45.557s] -- Installing: /home/rosuser/workspace/src/install/par_interfaces/include/par_interfaces/par_interfaces/msg/gripper_info.h
[45.559s] -- Installing: /home/rosuser/workspace/src/install/par_interfaces/include/par_interfaces/par_interfaces/msg/detail
[45.559s] -- Installing: /home/rosuser/workspace/src/install/par_interfaces/include/par_interfaces/par_interfaces/msg/detail/gripper_info__functions.c
[45.562s] -- Installing: /home/rosuser/workspace/src/install/par_interfaces/include/par_interfaces/par_interfaces/msg/detail/gripper_info__functions.h
[45.562s] -- Installing: /home/rosuser/workspace/src/install/par_interfaces/include/par_interfaces/par_interfaces/msg/detail/gripper_info__type_support.h
[45.563s] -- Installing: /home/rosuser/workspace/src/install/par_interfaces/include/par_interfaces/par_interfaces/msg/detail/gripper_info__struct.h
[45.565s] -- Installing: /home/rosuser/workspace/src/install/par_interfaces/share/par_interfaces/environment/library_path.sh
[45.566s] -- Installing: /home/rosuser/workspace/src/install/par_interfaces/share/par_interfaces/environment/library_path.dsv
[45.567s] -- Installing: /home/rosuser/workspace/src/install/par_interfaces/lib/libpar_interfaces__rosidl_generator_c.so
[45.568s] -- Set runtime path of "/home/rosuser/workspace/src/install/par_interfaces/lib/libpar_interfaces__rosidl_generator_c.so" to ""
[45.571s] -- Up-to-date: /home/rosuser/workspace/src/install/par_interfaces/include/par_interfaces/par_interfaces
[45.572s] -- Up-to-date: /home/rosuser/workspace/src/install/par_interfaces/include/par_interfaces/par_interfaces/action
[45.574s] -- Up-to-date: /home/rosuser/workspace/src/install/par_interfaces/include/par_interfaces/par_interfaces/action/detail
[45.574s] -- Installing: /home/rosuser/workspace/src/install/par_interfaces/include/par_interfaces/par_interfaces/action/detail/gripper_set_width__rosidl_typesupport_fastrtps_c.h
[45.575s] -- Up-to-date: /home/rosuser/workspace/src/install/par_interfaces/include/par_interfaces/par_interfaces/msg
[45.576s] -- Installing: /home/rosuser/workspace/src/install/par_interfaces/include/par_interfaces/par_interfaces/msg/rosidl_typesupport_fastrtps_c__visibility_control.h
[45.577s] -- Up-to-date: /home/rosuser/workspace/src/install/par_interfaces/include/par_interfaces/par_interfaces/msg/detail
[45.577s] -- Installing: /home/rosuser/workspace/src/install/par_interfaces/include/par_interfaces/par_interfaces/msg/detail/gripper_info__rosidl_typesupport_fastrtps_c.h
[45.578s] -- Installing: /home/rosuser/workspace/src/install/par_interfaces/lib/libpar_interfaces__rosidl_typesupport_fastrtps_c.so
[45.579s] -- Set runtime path of "/home/rosuser/workspace/src/install/par_interfaces/lib/libpar_interfaces__rosidl_typesupport_fastrtps_c.so" to ""
[45.579s] -- Up-to-date: /home/rosuser/workspace/src/install/par_interfaces/include/par_interfaces/par_interfaces
[45.579s] -- Up-to-date: /home/rosuser/workspace/src/install/par_interfaces/include/par_interfaces/par_interfaces/action
[45.579s] -- Up-to-date: /home/rosuser/workspace/src/install/par_interfaces/include/par_interfaces/par_interfaces/action/detail
[45.580s] -- Installing: /home/rosuser/workspace/src/install/par_interfaces/include/par_interfaces/par_interfaces/action/detail/gripper_set_width__type_support.c
[45.582s] -- Installing: /home/rosuser/workspace/src/install/par_interfaces/include/par_interfaces/par_interfaces/action/detail/gripper_set_width__rosidl_typesupport_introspection_c.h
[45.583s] -- Up-to-date: /home/rosuser/workspace/src/install/par_interfaces/include/par_interfaces/par_interfaces/msg
[45.585s] -- Installing: /home/rosuser/workspace/src/install/par_interfaces/include/par_interfaces/par_interfaces/msg/rosidl_typesupport_introspection_c__visibility_control.h
[45.586s] -- Up-to-date: /home/rosuser/workspace/src/install/par_interfaces/include/par_interfaces/par_interfaces/msg/detail
[45.587s] -- Installing: /home/rosuser/workspace/src/install/par_interfaces/include/par_interfaces/par_interfaces/msg/detail/gripper_info__rosidl_typesupport_introspection_c.h
[45.594s] -- Installing: /home/rosuser/workspace/src/install/par_interfaces/include/par_interfaces/par_interfaces/msg/detail/gripper_info__type_support.c
[45.597s] -- Installing: /home/rosuser/workspace/src/install/par_interfaces/lib/libpar_interfaces__rosidl_typesupport_introspection_c.so
[45.599s] -- Set runtime path of "/home/rosuser/workspace/src/install/par_interfaces/lib/libpar_interfaces__rosidl_typesupport_introspection_c.so" to ""
[45.599s] -- Installing: /home/rosuser/workspace/src/install/par_interfaces/lib/libpar_interfaces__rosidl_typesupport_c.so
[45.600s] -- Set runtime path of "/home/rosuser/workspace/src/install/par_interfaces/lib/libpar_interfaces__rosidl_typesupport_c.so" to ""
[45.602s] -- Up-to-date: /home/rosuser/workspace/src/install/par_interfaces/include/par_interfaces/par_interfaces
[45.604s] -- Up-to-date: /home/rosuser/workspace/src/install/par_interfaces/include/par_interfaces/par_interfaces/action
[45.605s] -- Installing: /home/rosuser/workspace/src/install/par_interfaces/include/par_interfaces/par_interfaces/action/gripper_set_width.hpp
[45.606s] -- Up-to-date: /home/rosuser/workspace/src/install/par_interfaces/include/par_interfaces/par_interfaces/action/detail
[45.606s] -- Installing: /home/rosuser/workspace/src/install/par_interfaces/include/par_interfaces/par_interfaces/action/detail/gripper_set_width__struct.hpp
[45.608s] -- Installing: /home/rosuser/workspace/src/install/par_interfaces/include/par_interfaces/par_interfaces/action/detail/gripper_set_width__builder.hpp
[45.658s] -- Installing: /home/rosuser/workspace/src/install/par_interfaces/include/par_interfaces/par_interfaces/action/detail/gripper_set_width__traits.hpp
[45.659s] -- Up-to-date: /home/rosuser/workspace/src/install/par_interfaces/include/par_interfaces/par_interfaces/msg
[45.659s] -- Installing: /home/rosuser/workspace/src/install/par_interfaces/include/par_interfaces/par_interfaces/msg/gripper_info.hpp
[45.660s] -- Up-to-date: /home/rosuser/workspace/src/install/par_interfaces/include/par_interfaces/par_interfaces/msg/detail
[45.660s] -- Installing: /home/rosuser/workspace/src/install/par_interfaces/include/par_interfaces/par_interfaces/msg/detail/gripper_info__struct.hpp
[45.661s] -- Installing: /home/rosuser/workspace/src/install/par_interfaces/include/par_interfaces/par_interfaces/msg/detail/gripper_info__builder.hpp
[45.662s] -- Installing: /home/rosuser/workspace/src/install/par_interfaces/include/par_interfaces/par_interfaces/msg/detail/gripper_info__traits.hpp
[45.665s] -- Up-to-date: /home/rosuser/workspace/src/install/par_interfaces/include/par_interfaces/par_interfaces
[45.666s] -- Up-to-date: /home/rosuser/workspace/src/install/par_interfaces/include/par_interfaces/par_interfaces/action
[45.666s] -- Up-to-date: /home/rosuser/workspace/src/install/par_interfaces/include/par_interfaces/par_interfaces/action/detail
[45.666s] -- Installing: /home/rosuser/workspace/src/install/par_interfaces/include/par_interfaces/par_interfaces/action/detail/gripper_set_width__rosidl_typesupport_fastrtps_cpp.hpp
[45.668s] -- Installing: /home/rosuser/workspace/src/install/par_interfaces/include/par_interfaces/par_interfaces/action/detail/dds_fastrtps
[45.668s] -- Up-to-date: /home/rosuser/workspace/src/install/par_interfaces/include/par_interfaces/par_interfaces/msg
[45.668s] -- Installing: /home/rosuser/workspace/src/install/par_interfaces/include/par_interfaces/par_interfaces/msg/rosidl_typesupport_fastrtps_cpp__visibility_control.h
[45.669s] -- Up-to-date: /home/rosuser/workspace/src/install/par_interfaces/include/par_interfaces/par_interfaces/msg/detail
[45.670s] -- Installing: /home/rosuser/workspace/src/install/par_interfaces/include/par_interfaces/par_interfaces/msg/detail/dds_fastrtps
[45.670s] -- Installing: /home/rosuser/workspace/src/install/par_interfaces/include/par_interfaces/par_interfaces/msg/detail/gripper_info__rosidl_typesupport_fastrtps_cpp.hpp
[45.672s] -- Installing: /home/rosuser/workspace/src/install/par_interfaces/lib/libpar_interfaces__rosidl_typesupport_fastrtps_cpp.so
[45.674s] -- Set runtime path of "/home/rosuser/workspace/src/install/par_interfaces/lib/libpar_interfaces__rosidl_typesupport_fastrtps_cpp.so" to ""
[45.675s] -- Up-to-date: /home/rosuser/workspace/src/install/par_interfaces/include/par_interfaces/par_interfaces
[45.676s] -- Up-to-date: /home/rosuser/workspace/src/install/par_interfaces/include/par_interfaces/par_interfaces/action
[45.676s] -- Up-to-date: /home/rosuser/workspace/src/install/par_interfaces/include/par_interfaces/par_interfaces/action/detail
[45.676s] -- Installing: /home/rosuser/workspace/src/install/par_interfaces/include/par_interfaces/par_interfaces/action/detail/gripper_set_width__type_support.cpp
[45.677s] -- Installing: /home/rosuser/workspace/src/install/par_interfaces/include/par_interfaces/par_interfaces/action/detail/gripper_set_width__rosidl_typesupport_introspection_cpp.hpp
[45.678s] -- Up-to-date: /home/rosuser/workspace/src/install/par_interfaces/include/par_interfaces/par_interfaces/msg
[45.678s] -- Up-to-date: /home/rosuser/workspace/src/install/par_interfaces/include/par_interfaces/par_interfaces/msg/detail
[45.680s] -- Installing: /home/rosuser/workspace/src/install/par_interfaces/include/par_interfaces/par_interfaces/msg/detail/gripper_info__rosidl_typesupport_introspection_cpp.hpp
[45.681s] -- Installing: /home/rosuser/workspace/src/install/par_interfaces/include/par_interfaces/par_interfaces/msg/detail/gripper_info__type_support.cpp
[45.684s] -- Installing: /home/rosuser/workspace/src/install/par_interfaces/lib/libpar_interfaces__rosidl_typesupport_introspection_cpp.so
[45.686s] -- Set runtime path of "/home/rosuser/workspace/src/install/par_interfaces/lib/libpar_interfaces__rosidl_typesupport_introspection_cpp.so" to ""
[45.687s] -- Installing: /home/rosuser/workspace/src/install/par_interfaces/lib/libpar_interfaces__rosidl_typesupport_cpp.so
[45.687s] -- Set runtime path of "/home/rosuser/workspace/src/install/par_interfaces/lib/libpar_interfaces__rosidl_typesupport_cpp.so" to ""
[45.690s] -- Installing: /home/rosuser/workspace/src/install/par_interfaces/share/par_interfaces/environment/pythonpath.sh
[45.698s] -- Installing: /home/rosuser/workspace/src/install/par_interfaces/share/par_interfaces/environment/pythonpath.dsv
[45.704s] -- Installing: /home/rosuser/workspace/src/install/par_interfaces/local/lib/python3.10/dist-packages/par_interfaces-0.0.0-py3.10.egg-info
[45.706s] -- Installing: /home/rosuser/workspace/src/install/par_interfaces/local/lib/python3.10/dist-packages/par_interfaces-0.0.0-py3.10.egg-info/SOURCES.txt
[45.707s] -- Installing: /home/rosuser/workspace/src/install/par_interfaces/local/lib/python3.10/dist-packages/par_interfaces-0.0.0-py3.10.egg-info/top_level.txt
[45.716s] -- Installing: /home/rosuser/workspace/src/install/par_interfaces/local/lib/python3.10/dist-packages/par_interfaces-0.0.0-py3.10.egg-info/dependency_links.txt
[45.722s] -- Installing: /home/rosuser/workspace/src/install/par_interfaces/local/lib/python3.10/dist-packages/par_interfaces-0.0.0-py3.10.egg-info/PKG-INFO
[45.724s] -- Installing: /home/rosuser/workspace/src/install/par_interfaces/local/lib/python3.10/dist-packages/par_interfaces
[45.724s] -- Installing: /home/rosuser/workspace/src/install/par_interfaces/local/lib/python3.10/dist-packages/par_interfaces/action
[45.725s] -- Installing: /home/rosuser/workspace/src/install/par_interfaces/local/lib/python3.10/dist-packages/par_interfaces/action/_gripper_set_width_s.c
[45.728s] -- Installing: /home/rosuser/workspace/src/install/par_interfaces/local/lib/python3.10/dist-packages/par_interfaces/action/__init__.py
[45.728s] -- Installing: /home/rosuser/workspace/src/install/par_interfaces/local/lib/python3.10/dist-packages/par_interfaces/action/_gripper_set_width.py
[45.728s] -- Installing: /home/rosuser/workspace/src/install/par_interfaces/local/lib/python3.10/dist-packages/par_interfaces/_par_interfaces_s.ep.rosidl_typesupport_fastrtps_c.c
[45.729s] -- Installing: /home/rosuser/workspace/src/install/par_interfaces/local/lib/python3.10/dist-packages/par_interfaces/_par_interfaces_s.ep.rosidl_typesupport_introspection_c.c
[45.729s] -- Installing: /home/rosuser/workspace/src/install/par_interfaces/local/lib/python3.10/dist-packages/par_interfaces/par_interfaces_s__rosidl_typesupport_c.cpython-310-x86_64-linux-gnu.so
[45.732s] -- Installing: /home/rosuser/workspace/src/install/par_interfaces/local/lib/python3.10/dist-packages/par_interfaces/libpar_interfaces__rosidl_generator_py.so
[45.733s] -- Installing: /home/rosuser/workspace/src/install/par_interfaces/local/lib/python3.10/dist-packages/par_interfaces/__init__.py
[45.733s] -- Installing: /home/rosuser/workspace/src/install/par_interfaces/local/lib/python3.10/dist-packages/par_interfaces/_par_interfaces_s.ep.rosidl_typesupport_c.c
[45.738s] -- Installing: /home/rosuser/workspace/src/install/par_interfaces/local/lib/python3.10/dist-packages/par_interfaces/par_interfaces_s__rosidl_typesupport_introspection_c.cpython-310-x86_64-linux-gnu.so
[45.739s] -- Installing: /home/rosuser/workspace/src/install/par_interfaces/local/lib/python3.10/dist-packages/par_interfaces/msg
[45.739s] -- Installing: /home/rosuser/workspace/src/install/par_interfaces/local/lib/python3.10/dist-packages/par_interfaces/msg/_gripper_info_s.c
[45.740s] -- Installing: /home/rosuser/workspace/src/install/par_interfaces/local/lib/python3.10/dist-packages/par_interfaces/msg/__init__.py
[45.751s] -- Installing: /home/rosuser/workspace/src/install/par_interfaces/local/lib/python3.10/dist-packages/par_interfaces/msg/_gripper_info.py
[45.752s] -- Installing: /home/rosuser/workspace/src/install/par_interfaces/local/lib/python3.10/dist-packages/par_interfaces/par_interfaces_s__rosidl_typesupport_fastrtps_c.cpython-310-x86_64-linux-gnu.so
[45.955s] Listing '/home/rosuser/workspace/src/install/par_interfaces/local/lib/python3.10/dist-packages/par_interfaces'...
[45.956s] Compiling '/home/rosuser/workspace/src/install/par_interfaces/local/lib/python3.10/dist-packages/par_interfaces/__init__.py'...
[45.956s] Listing '/home/rosuser/workspace/src/install/par_interfaces/local/lib/python3.10/dist-packages/par_interfaces/action'...
[45.956s] Compiling '/home/rosuser/workspace/src/install/par_interfaces/local/lib/python3.10/dist-packages/par_interfaces/action/__init__.py'...
[45.956s] Compiling '/home/rosuser/workspace/src/install/par_interfaces/local/lib/python3.10/dist-packages/par_interfaces/action/_gripper_set_width.py'...
[45.956s] Listing '/home/rosuser/workspace/src/install/par_interfaces/local/lib/python3.10/dist-packages/par_interfaces/msg'...
[45.956s] Compiling '/home/rosuser/workspace/src/install/par_interfaces/local/lib/python3.10/dist-packages/par_interfaces/msg/__init__.py'...
[45.956s] Compiling '/home/rosuser/workspace/src/install/par_interfaces/local/lib/python3.10/dist-packages/par_interfaces/msg/_gripper_info.py'...
[46.014s] -- Installing: /home/rosuser/workspace/src/install/par_interfaces/local/lib/python3.10/dist-packages/par_interfaces/par_interfaces_s__rosidl_typesupport_fastrtps_c.cpython-310-x86_64-linux-gnu.so
[46.015s] -- Set runtime path of "/home/rosuser/workspace/src/install/par_interfaces/local/lib/python3.10/dist-packages/par_interfaces/par_interfaces_s__rosidl_typesupport_fastrtps_c.cpython-310-x86_64-linux-gnu.so" to ""
[46.017s] -- Installing: /home/rosuser/workspace/src/install/par_interfaces/local/lib/python3.10/dist-packages/par_interfaces/par_interfaces_s__rosidl_typesupport_introspection_c.cpython-310-x86_64-linux-gnu.so
[46.018s] -- Set runtime path of "/home/rosuser/workspace/src/install/par_interfaces/local/lib/python3.10/dist-packages/par_interfaces/par_interfaces_s__rosidl_typesupport_introspection_c.cpython-310-x86_64-linux-gnu.so" to ""
[46.019s] -- Installing: /home/rosuser/workspace/src/install/par_interfaces/local/lib/python3.10/dist-packages/par_interfaces/par_interfaces_s__rosidl_typesupport_c.cpython-310-x86_64-linux-gnu.so
[46.020s] -- Set runtime path of "/home/rosuser/workspace/src/install/par_interfaces/local/lib/python3.10/dist-packages/par_interfaces/par_interfaces_s__rosidl_typesupport_c.cpython-310-x86_64-linux-gnu.so" to ""
[46.022s] -- Installing: /home/rosuser/workspace/src/install/par_interfaces/lib/libpar_interfaces__rosidl_generator_py.so
[46.023s] -- Set runtime path of "/home/rosuser/workspace/src/install/par_interfaces/lib/libpar_interfaces__rosidl_generator_py.so" to ""
[46.024s] -- Installing: /home/rosuser/workspace/src/install/par_interfaces/share/par_interfaces/action/GripperSetWidth.idl
[46.028s] -- Installing: /home/rosuser/workspace/src/install/par_interfaces/share/par_interfaces/msg/GripperInfo.idl
[46.028s] -- Installing: /home/rosuser/workspace/src/install/par_interfaces/share/par_interfaces/action/GripperSetWidth.action
[46.033s] -- Installing: /home/rosuser/workspace/src/install/par_interfaces/share/par_interfaces/msg/GripperInfo.msg
[46.033s] -- Installing: /home/rosuser/workspace/src/install/par_interfaces/share/ament_index/resource_index/package_run_dependencies/par_interfaces
[46.034s] -- Installing: /home/rosuser/workspace/src/install/par_interfaces/share/ament_index/resource_index/parent_prefix_path/par_interfaces
[46.034s] -- Installing: /home/rosuser/workspace/src/install/par_interfaces/share/par_interfaces/environment/ament_prefix_path.sh
[46.035s] -- Installing: /home/rosuser/workspace/src/install/par_interfaces/share/par_interfaces/environment/ament_prefix_path.dsv
[46.036s] -- Installing: /home/rosuser/workspace/src/install/par_interfaces/share/par_interfaces/environment/path.sh
[46.036s] -- Installing: /home/rosuser/workspace/src/install/par_interfaces/share/par_interfaces/environment/path.dsv
[46.046s] -- Installing: /home/rosuser/workspace/src/install/par_interfaces/share/par_interfaces/local_setup.bash
[46.046s] -- Installing: /home/rosuser/workspace/src/install/par_interfaces/share/par_interfaces/local_setup.sh
[46.046s] -- Installing: /home/rosuser/workspace/src/install/par_interfaces/share/par_interfaces/local_setup.zsh
[46.051s] -- Installing: /home/rosuser/workspace/src/install/par_interfaces/share/par_interfaces/local_setup.dsv
[46.051s] -- Installing: /home/rosuser/workspace/src/install/par_interfaces/share/par_interfaces/package.dsv
[46.051s] -- Installing: /home/rosuser/workspace/src/install/par_interfaces/share/ament_index/resource_index/packages/par_interfaces
[46.057s] -- Installing: /home/rosuser/workspace/src/install/par_interfaces/share/par_interfaces/cmake/export_par_interfaces__rosidl_generator_cExport.cmake
[46.058s] -- Installing: /home/rosuser/workspace/src/install/par_interfaces/share/par_interfaces/cmake/export_par_interfaces__rosidl_generator_cExport-noconfig.cmake
[46.129s] -- Installing: /home/rosuser/workspace/src/install/par_interfaces/share/par_interfaces/cmake/export_par_interfaces__rosidl_typesupport_fastrtps_cExport.cmake
[46.133s] -- Installing: /home/rosuser/workspace/src/install/par_interfaces/share/par_interfaces/cmake/export_par_interfaces__rosidl_typesupport_fastrtps_cExport-noconfig.cmake
[46.136s] -- Installing: /home/rosuser/workspace/src/install/par_interfaces/share/par_interfaces/cmake/par_interfaces__rosidl_typesupport_introspection_cExport.cmake
[46.138s] -- Installing: /home/rosuser/workspace/src/install/par_interfaces/share/par_interfaces/cmake/par_interfaces__rosidl_typesupport_introspection_cExport-noconfig.cmake
[46.139s] -- Installing: /home/rosuser/workspace/src/install/par_interfaces/share/par_interfaces/cmake/par_interfaces__rosidl_typesupport_cExport.cmake
[46.141s] -- Installing: /home/rosuser/workspace/src/install/par_interfaces/share/par_interfaces/cmake/par_interfaces__rosidl_typesupport_cExport-noconfig.cmake
[46.142s] -- Installing: /home/rosuser/workspace/src/install/par_interfaces/share/par_interfaces/cmake/export_par_interfaces__rosidl_generator_cppExport.cmake
[46.144s] -- Installing: /home/rosuser/workspace/src/install/par_interfaces/share/par_interfaces/cmake/export_par_interfaces__rosidl_typesupport_fastrtps_cppExport.cmake
[46.147s] -- Installing: /home/rosuser/workspace/src/install/par_interfaces/share/par_interfaces/cmake/export_par_interfaces__rosidl_typesupport_fastrtps_cppExport-noconfig.cmake
[46.149s] -- Installing: /home/rosuser/workspace/src/install/par_interfaces/share/par_interfaces/cmake/par_interfaces__rosidl_typesupport_introspection_cppExport.cmake
[46.150s] -- Installing: /home/rosuser/workspace/src/install/par_interfaces/share/par_interfaces/cmake/par_interfaces__rosidl_typesupport_introspection_cppExport-noconfig.cmake
[46.150s] -- Installing: /home/rosuser/workspace/src/install/par_interfaces/share/par_interfaces/cmake/par_interfaces__rosidl_typesupport_cppExport.cmake
[46.150s] -- Installing: /home/rosuser/workspace/src/install/par_interfaces/share/par_interfaces/cmake/par_interfaces__rosidl_typesupport_cppExport-noconfig.cmake
[46.150s] -- Installing: /home/rosuser/workspace/src/install/par_interfaces/share/par_interfaces/cmake/export_par_interfaces__rosidl_generator_pyExport.cmake
[46.152s] -- Installing: /home/rosuser/workspace/src/install/par_interfaces/share/par_interfaces/cmake/export_par_interfaces__rosidl_generator_pyExport-noconfig.cmake
[46.152s] -- Installing: /home/rosuser/workspace/src/install/par_interfaces/share/par_interfaces/cmake/rosidl_cmake-extras.cmake
[46.162s] -- Installing: /home/rosuser/workspace/src/install/par_interfaces/share/par_interfaces/cmake/ament_cmake_export_dependencies-extras.cmake
[46.169s] -- Installing: /home/rosuser/workspace/src/install/par_interfaces/share/par_interfaces/cmake/ament_cmake_export_include_directories-extras.cmake
[46.169s] -- Installing: /home/rosuser/workspace/src/install/par_interfaces/share/par_interfaces/cmake/ament_cmake_export_libraries-extras.cmake
[46.169s] -- Installing: /home/rosuser/workspace/src/install/par_interfaces/share/par_interfaces/cmake/ament_cmake_export_targets-extras.cmake
[46.169s] -- Installing: /home/rosuser/workspace/src/install/par_interfaces/share/par_interfaces/cmake/rosidl_cmake_export_typesupport_targets-extras.cmake
[46.173s] -- Installing: /home/rosuser/workspace/src/install/par_interfaces/share/par_interfaces/cmake/rosidl_cmake_export_typesupport_libraries-extras.cmake
[46.179s] -- Installing: /home/rosuser/workspace/src/install/par_interfaces/share/par_interfaces/cmake/par_interfacesConfig.cmake
[46.182s] -- Installing: /home/rosuser/workspace/src/install/par_interfaces/share/par_interfaces/cmake/par_interfacesConfig-version.cmake
[46.182s] -- Installing: /home/rosuser/workspace/src/install/par_interfaces/share/par_interfaces/package.xml
[46.190s] Invoked command in '/home/rosuser/workspace/src/build/par_interfaces' returned '0': CMAKE_PREFIX_PATH=${CMAKE_PREFIX_PATH}:/home/rosuser/workspace/install/par_pkg:/opt/ros/humble /usr/bin/cmake --install /home/rosuser/workspace/src/build/par_interfaces
